#
# An unexpected error has been detected by Java Runtime Environment:
#
#  EXCEPTION_ACCESS_VIOLATION (0xc0000005) at pc=0x697dec1f, pid=2764, tid=3276
#
# Java VM: Java HotSpot(TM) Client VM (11.2-b01 mixed mode windows-x86)
# Problematic frame:
# C  0x697dec1f
#
# If you would like to submit a bug report, please visit:
#   http://java.sun.com/webapps/bugreport/crash.jsp
# The crash happened outside the Java Virtual Machine in native code.
# See problematic frame for where to report the bug.
#

---------------  T H R E A D  ---------------

Current thread (0x0348d000):  JavaThread "main" [_thread_in_native, id=3276, stack(0x00440000,0x00c40000)]

siginfo: ExceptionCode=0xc0000005, reading address 0x697dec1f

Registers:
EAX=0x697dec1f, EBX=0x7ffde000, ECX=0x1d0207d0, EDX=0x001021ac
ESP=0x00c3acbc, EBP=0x00c3acd4, ESI=0x0000000f, EDI=0x00101f64
EIP=0x697dec1f, EFLAGS=0x00210202

Top of Stack: (sp=0x00c3acbc)
0x00c3acbc:   773ad690 1d0207d0 7ffde000 7ffdf000
0x00c3accc:   00000000 00000010 00c3ad6c 773ae3d9
0x00c3acdc:   00101f20 76819c5f 77427340 77427380
0x00c3acec:   00000000 00000000 00000000 00000000
0x00c3acfc:   00000000 00000000 00000000 00000000
0x00c3ad0c:   00000000 00000000 00000000 00000000
0x00c3ad1c:   00000000 00000000 00000000 00000000
0x00c3ad2c:   00000000 00000000 00000000 006e006c 

Instructions: (pc=0x697dec1f)
0x697dec0f:   
[error occurred during error reporting (printing registers, top of stack, instructions near pc), id 0xc0000005]

Stack: [0x00440000,0x00c40000],  sp=0x00c3acbc,  free space=8171k
Native frames: (J=compiled Java code, j=interpreted, Vv=VM code, C=native code)
C  0x697dec1f
C  [ntdll.dll+0x5e3d9]
C  [ntdll.dll+0x5e12f]
C  [kernel32.dll+0x5bbf7]
C  [MSVCR80.dll+0x1720]
C  [MSVCR80.dll+0x1a4b]
C  [mcr.dll+0x3454e]
C  [m_dispatcher.dll+0x780c]
C  [m_dispatcher.dll+0x7691]
C  [m_dispatcher.dll+0x4b02]
C  [m_dispatcher.dll+0x780c]
C  [m_dispatcher.dll+0x7691]
C  [m_interpreter.dll+0xa44c4]
C  [m_interpreter.dll+0x9ecc8]
C  [m_interpreter.dll+0xbf264]
C  [nativejmi.dll+0x2dd2]
C  [nativejmi.dll+0x3b15]
C  [nativejmi.dll+0x391a]
C  [nativejmi.dll+0x7cad]
C  [nativejmi.dll+0x7d73]
j  com.mathworks.jmi.NativeMatlab.SendMatlabMessage(Ljava/lang/Object;)Ljava/lang/Object;+0
j  com.mathworks.jmi.NativeMatlab.sendMatlabMessage(Ljava/lang/Object;)Ljava/lang/Object;+22
j  com.mathworks.jmi.MatlabLooper.sendMatlabMessage(Lcom/mathworks/services/message/MWMessage;)Ljava/lang/Object;+20
j  com.mathworks.jmi.Matlab.mtFevalConsoleOutput(Ljava/lang/String;[Ljava/lang/Object;I)Ljava/lang/Object;+58
j  com.mathworks.mde.desk.MLDesktop$9.run()V+14
j  com.mathworks.jmi.NativeMatlab.dispatchMTRequests(Z)V+50
v  ~StubRoutines::call_stub

Java frames: (J=compiled Java code, j=interpreted, Vv=VM code)
j  com.mathworks.jmi.NativeMatlab.SendMatlabMessage(Ljava/lang/Object;)Ljava/lang/Object;+0
j  com.mathworks.jmi.NativeMatlab.sendMatlabMessage(Ljava/lang/Object;)Ljava/lang/Object;+22
j  com.mathworks.jmi.MatlabLooper.sendMatlabMessage(Lcom/mathworks/services/message/MWMessage;)Ljava/lang/Object;+20
j  com.mathworks.jmi.Matlab.mtFevalConsoleOutput(Ljava/lang/String;[Ljava/lang/Object;I)Ljava/lang/Object;+58
j  com.mathworks.mde.desk.MLDesktop$9.run()V+14
j  com.mathworks.jmi.NativeMatlab.dispatchMTRequests(Z)V+50
v  ~StubRoutines::call_stub

---------------  P R O C E S S  ---------------

Java Threads: ( => current thread )
  0x083fa800 JavaThread "Prefs Updater" daemon [_thread_blocked, id=976, stack(0x19e60000,0x19ee0000)]
  0x083fa400 JavaThread "Timer-9" daemon [_thread_blocked, id=2296, stack(0x1c260000,0x1c2e0000)]
  0x0821ac00 JavaThread "Timer-1" [_thread_blocked, id=3056, stack(0x1a840000,0x1a8c0000)]
  0x0830c400 JavaThread "TimerQueue" daemon [_thread_blocked, id=2064, stack(0x1a7c0000,0x1a840000)]
  0x082fb400 JavaThread "AWT-EventQueue-0" [_thread_blocked, id=3708, stack(0x1a740000,0x1a7c0000)]
  0x07c90800 JavaThread "AWT-Shutdown" [_thread_blocked, id=1048, stack(0x08960000,0x089e0000)]
  0x0811dc00 JavaThread "AWT-Windows" daemon [_thread_in_native, id=1420, stack(0x08860000,0x088e0000)]
  0x080cf400 JavaThread "Java2D Disposer" daemon [_thread_blocked, id=3228, stack(0x08760000,0x087e0000)]
  0x18f53400 JavaThread "Timer-0" [_thread_blocked, id=2380, stack(0x19050000,0x190d0000)]
  0x18e8f000 JavaThread "JMI Unnamed Thread" [_thread_in_native, id=616, stack(0x05040000,0x05840000)]
  0x07c7d800 JavaThread "Low Memory Detector" daemon [_thread_blocked, id=996, stack(0x185d0000,0x18650000)]
  0x07c69800 JavaThread "CompilerThread0" daemon [_thread_blocked, id=288, stack(0x17dd0000,0x185d0000)]
  0x07c5f000 JavaThread "Attach Listener" daemon [_thread_blocked, id=3772, stack(0x17d50000,0x17dd0000)]
  0x07c49400 JavaThread "Finalizer" daemon [_thread_blocked, id=2748, stack(0x07e90000,0x07f10000)]
  0x07c44800 JavaThread "Reference Handler" daemon [_thread_blocked, id=3224, stack(0x07e10000,0x07e90000)]
=>0x0348d000 JavaThread "main" [_thread_in_native, id=3276, stack(0x00440000,0x00c40000)]

Other Threads:
  0x07c3fc00 VMThread [stack: 0x17470000,0x17c70000] [id=2196]
  0x07c8a000 WatcherThread [stack: 0x18650000,0x18e50000] [id=1140]

VM state:not at safepoint (normal execution)

VM Mutex/Monitor currently owned by a thread: None

Heap
 def new generation   total 14784K, used 6296K [0x0b470000, 0x0c470000, 0x0d470000)
  eden space 13184K,  43% used [0x0b470000, 0x0ba13f48, 0x0c150000)
  from space 1600K,  32% used [0x0c150000, 0x0c1d2188, 0x0c2e0000)
  to   space 1600K,   0% used [0x0c2e0000, 0x0c2e0000, 0x0c470000)
 tenured generation   total 49152K, used 37280K [0x0d470000, 0x10470000, 0x13470000)
   the space 49152K,  75% used [0x0d470000, 0x0f8d8318, 0x0f8d8400, 0x10470000)
 compacting perm gen  total 32768K, used 31124K [0x13470000, 0x15470000, 0x17470000)
   the space 32768K,  94% used [0x13470000, 0x152d5288, 0x152d5400, 0x15470000)
No shared spaces configured.

Dynamic libraries:
0x00400000 - 0x00433000 	C:\Program Files\MATLAB\R2009b\bin\win32\MATLAB.exe
0x77350000 - 0x7748c000 	C:\Windows\SYSTEM32\ntdll.dll
0x77270000 - 0x77344000 	C:\Windows\system32\kernel32.dll
0x756a0000 - 0x756ea000 	C:\Windows\system32\KERNELBASE.dll
0x7bae0000 - 0x7bb89000 	C:\Program Files\MATLAB\R2009b\bin\win32\libut.dll
0x75cc0000 - 0x75cea000 	C:\Windows\system32\imagehlp.dll
0x76a10000 - 0x76abc000 	C:\Windows\system32\msvcrt.dll
0x75ac0000 - 0x75b60000 	C:\Windows\system32\ADVAPI32.dll
0x77250000 - 0x77269000 	C:\Windows\SYSTEM32\sechost.dll
0x76dc0000 - 0x76e61000 	C:\Windows\system32\RPCRT4.dll
0x77490000 - 0x77495000 	C:\Windows\system32\PSAPI.DLL
0x7c1c0000 - 0x7c1df000 	C:\Program Files\MATLAB\R2009b\bin\win32\LIBEXPAT.dll
0x70510000 - 0x705ab000 	C:\Windows\WinSxS\x86_microsoft.vc80.crt_1fc8b3b9a1e18e3b_8.0.50727.6195_none_d09154e044272b9a\MSVCR80.dll
0x7bf40000 - 0x7c028000 	C:\Program Files\MATLAB\R2009b\bin\win32\icuuc40.dll
0x7b5e0000 - 0x7b5e4000 	C:\Program Files\MATLAB\R2009b\bin\win32\icudt40.dll
0x7b5f0000 - 0x7b5fc000 	C:\Program Files\MATLAB\R2009b\bin\win32\icuio40.dll
0x7b830000 - 0x7b928000 	C:\Program Files\MATLAB\R2009b\bin\win32\icuin40.dll
0x70480000 - 0x70507000 	C:\Windows\WinSxS\x86_microsoft.vc80.crt_1fc8b3b9a1e18e3b_8.0.50727.6195_none_d09154e044272b9a\MSVCP80.dll
0x75870000 - 0x75939000 	C:\Windows\system32\USER32.dll
0x76d70000 - 0x76dbe000 	C:\Windows\system32\GDI32.dll
0x76ac0000 - 0x76aca000 	C:\Windows\system32\LPK.dll
0x76ad0000 - 0x76b6d000 	C:\Windows\system32\USP10.dll
0x786f0000 - 0x78728000 	C:\Program Files\MATLAB\R2009b\bin\win32\libmwfl.dll
0x7d390000 - 0x7d39e000 	C:\Program Files\MATLAB\R2009b\bin\win32\boost_date_time-vc80-mt-1_36.dll
0x7d280000 - 0x7d290000 	C:\Program Files\MATLAB\R2009b\bin\win32\boost_signals-vc80-mt-1_36.dll
0x7c710000 - 0x7c717000 	C:\Program Files\MATLAB\R2009b\bin\win32\boost_system-vc80-mt-1_36.dll
0x7b5d0000 - 0x7b5dc000 	C:\Program Files\MATLAB\R2009b\bin\win32\boost_thread-vc80-mt-1_36.dll
0x7bc10000 - 0x7be19000 	C:\Program Files\MATLAB\R2009b\bin\win32\libmwservices.dll
0x7bb90000 - 0x7bc0b000 	C:\Program Files\MATLAB\R2009b\bin\win32\libmx.dll
0x78bc0000 - 0x78bd3000 	C:\Program Files\MATLAB\R2009b\bin\win32\zlib1.dll
0x7be20000 - 0x7bf34000 	C:\Program Files\MATLAB\R2009b\bin\win32\libmwmathutil.dll
0x79cf0000 - 0x79d25000 	C:\Program Files\MATLAB\R2009b\bin\win32\mpath.dll
0x7c2c0000 - 0x7c2f0000 	C:\Program Files\MATLAB\R2009b\bin\win32\mlutil.dll
0x786a0000 - 0x786ce000 	C:\Program Files\MATLAB\R2009b\bin\win32\tbb.dll
0x002c0000 - 0x00344000 	C:\Windows\WinSxS\x86_microsoft.windows.common-controls_6595b64144ccf1df_5.82.7601.17514_none_ec83dffa859149af\COMCTL32.dll
0x76b80000 - 0x76bfb000 	C:\Windows\system32\comdlg32.dll
0x75a60000 - 0x75ab7000 	C:\Windows\system32\SHLWAPI.dll
0x75dc0000 - 0x76a0a000 	C:\Windows\system32\SHELL32.dll
0x737a0000 - 0x737b1000 	C:\Windows\system32\NETAPI32.dll
0x73790000 - 0x73799000 	C:\Windows\system32\netutils.dll
0x75360000 - 0x75379000 	C:\Windows\system32\srvcli.dll
0x73780000 - 0x7378f000 	C:\Windows\system32\wkscli.dll
0x75cf0000 - 0x75d25000 	C:\Windows\system32\WS2_32.dll
0x76b70000 - 0x76b76000 	C:\Windows\system32\NSI.dll
0x7d560000 - 0x7d576000 	C:\Program Files\MATLAB\R2009b\bin\win32\boost_filesystem-vc80-mt-1_36.dll
0x7a270000 - 0x7a2d0000 	C:\Program Files\MATLAB\R2009b\bin\win32\mcr.dll
0x7b600000 - 0x7b64f000 	C:\Program Files\MATLAB\R2009b\bin\win32\iqm.dll
0x7a850000 - 0x7ad3b000 	C:\Program Files\MATLAB\R2009b\bin\win32\m_interpreter.dll
0x7b660000 - 0x7b66c000 	C:\Program Files\MATLAB\R2009b\bin\win32\libmex.dll
0x7a140000 - 0x7a1a4000 	C:\Program Files\MATLAB\R2009b\bin\win32\m_dispatcher.dll
0x7d1e0000 - 0x7d23e000 	C:\Program Files\MATLAB\R2009b\bin\win32\xmlcore.dll
0x79600000 - 0x797c2000 	C:\Program Files\MATLAB\R2009b\bin\win32\xerces-c_2_7.dll
0x7d4b0000 - 0x7d54d000 	C:\Program Files\MATLAB\R2009b\bin\win32\boost_regex-vc80-mt-1_36.dll
0x7a050000 - 0x7a0a7000 	C:\Program Files\MATLAB\R2009b\bin\win32\profiler.dll
0x7b6c0000 - 0x7b6de000 	C:\Program Files\MATLAB\R2009b\bin\win32\libmwmathrng.dll
0x78b40000 - 0x78b52000 	C:\Program Files\MATLAB\R2009b\bin\win32\m_pcodeio.dll
0x79cb0000 - 0x79ce7000 	C:\Program Files\MATLAB\R2009b\bin\win32\m_ir.dll
0x7a350000 - 0x7a843000 	C:\Program Files\MATLAB\R2009b\bin\win32\m_parser.dll
0x7b650000 - 0x7b65e000 	C:\Program Files\MATLAB\R2009b\bin\win32\ir_xfmr.dll
0x78730000 - 0x78891000 	C:\Program Files\MATLAB\R2009b\bin\win32\mcos.dll
0x7b6f0000 - 0x7b6fa000 	C:\Program Files\MATLAB\R2009b\bin\win32\mtok.dll
0x78b20000 - 0x78b36000 	C:\Program Files\MATLAB\R2009b\bin\win32\m_pcodegen.dll
0x78a90000 - 0x78aac000 	C:\Program Files\MATLAB\R2009b\bin\win32\bridge.dll
0x7b2c0000 - 0x7b344000 	C:\Program Files\MATLAB\R2009b\bin\win32\udd.dll
0x7c030000 - 0x7c128000 	C:\Program Files\MATLAB\R2009b\bin\win32\libmwgui.dll
0x78c20000 - 0x79034000 	C:\Program Files\MATLAB\R2009b\bin\win32\hg.dll
0x78ab0000 - 0x78ad7000 	C:\Program Files\MATLAB\R2009b\bin\win32\libmat.dll
0x7b930000 - 0x7bad5000 	C:\Program Files\MATLAB\R2009b\bin\win32\libhdf5.dll
0x79c20000 - 0x79c61000 	C:\Program Files\MATLAB\R2009b\bin\win32\jmi.dll
0x79920000 - 0x7994c000 	C:\Program Files\MATLAB\R2009b\bin\win32\libmwhardcopy.dll
0x79c70000 - 0x79ca9000 	C:\Program Files\MATLAB\R2009b\bin\win32\libuij.dll
0x785d0000 - 0x7869f000 	C:\Program Files\MATLAB\R2009b\bin\win32\hgdatatypes.dll
0x785a0000 - 0x785d0000 	C:\Program Files\MATLAB\R2009b\bin\win32\hgutils.dll
0x78ae0000 - 0x78b11000 	C:\Program Files\MATLAB\R2009b\bin\win32\libmwlapack.dll
0x7b680000 - 0x7b68e000 	C:\Program Files\MATLAB\R2009b\bin\win32\libmwbinder.dll
0x7b350000 - 0x7b5c4000 	C:\Program Files\MATLAB\R2009b\bin\win32\uiw.dll
0x7b730000 - 0x7b739000 	C:\Program Files\MATLAB\R2009b\bin\win32\uinone.dll
0x00da0000 - 0x00eaf000 	C:\Windows\WinSxS\x86_microsoft.vc80.mfc_1fc8b3b9a1e18e3b_8.0.50727.6195_none_cbf5e994470a1a8f\MFC80.DLL
0x71b10000 - 0x71b61000 	C:\Windows\system32\WINSPOOL.DRV
0x75b60000 - 0x75cbc000 	C:\Windows\system32\ole32.dll
0x757e0000 - 0x7586f000 	C:\Windows\system32\OLEAUT32.dll
0x7a2d0000 - 0x7a346000 	C:\Program Files\MATLAB\R2009b\bin\win32\udd_mi.dll
0x78b60000 - 0x78b73000 	C:\Program Files\MATLAB\R2009b\bin\win32\mwoles05.DLL
0x7a000000 - 0x7a045000 	C:\Program Files\MATLAB\R2009b\bin\win32\comcli.dll
0x71d20000 - 0x71d3b000 	C:\Windows\WinSxS\x86_microsoft.vc80.atl_1fc8b3b9a1e18e3b_8.0.50727.6195_none_d1cb102c435421de\ATL80.DLL
0x7b6e0000 - 0x7b6eb000 	C:\Program Files\MATLAB\R2009b\bin\win32\mlautoregister.dll
0x76ed0000 - 0x76eef000 	C:\Windows\system32\IMM32.DLL
0x774b0000 - 0x7757c000 	C:\Windows\system32\MSCTF.dll
0x00f40000 - 0x00f4f000 	C:\Windows\WinSxS\x86_microsoft.vc80.mfcloc_1fc8b3b9a1e18e3b_8.0.50727.6195_none_03ce2c72205943d3\MFC80FRA.DLL
0x754e0000 - 0x754eb000 	C:\Windows\system32\profapi.dll
0x75460000 - 0x7546c000 	C:\Windows\system32\CRYPTBASE.dll
0x740f0000 - 0x74130000 	C:\Windows\system32\uxtheme.dll
0x01180000 - 0x011d8000 	C:\Program Files\Common Files\microsoft shared\ink\tiptsf.dll
0x74970000 - 0x74979000 	C:\Windows\system32\version.dll
0x74130000 - 0x742ce000 	C:\Windows\WinSxS\x86_microsoft.windows.common-controls_6595b64144ccf1df_6.0.7601.17514_none_41e6975e2bd6f2b2\comctl32.dll
0x76ef0000 - 0x7708d000 	C:\Windows\system32\SETUPAPI.dll
0x756f0000 - 0x75717000 	C:\Windows\system32\CFGMGR32.dll
0x75680000 - 0x75692000 	C:\Windows\system32\DEVOBJ.dll
0x75d30000 - 0x75db3000 	C:\Windows\system32\CLBCatQ.DLL
0x73cf0000 - 0x73de5000 	C:\Windows\system32\propsys.dll
0x747f0000 - 0x74811000 	C:\Windows\system32\ntmarta.dll
0x76d20000 - 0x76d65000 	C:\Windows\system32\WLDAP32.dll
0x71fc0000 - 0x71fdc000 	C:\Windows\system32\iphlpapi.dll
0x71fb0000 - 0x71fb7000 	C:\Windows\system32\WINNSI.DLL
0x74e10000 - 0x74e54000 	C:\Windows\system32\DNSAPI.dll
0x71b70000 - 0x71b7d000 	C:\Windows\system32\dhcpcsvc6.DLL
0x710b0000 - 0x710c2000 	C:\Windows\system32\dhcpcsvc.DLL
0x71f00000 - 0x71f03000 	C:\Windows\system32\icmp.Dll
0x799c0000 - 0x79c16000 	C:\Program Files\MATLAB\R2009b\sys\java\jre\win32\jre\bin\client\jvm.dll
0x73910000 - 0x73942000 	C:\Windows\system32\WINMM.dll
0x7c1e0000 - 0x7c236000 	C:\Program Files\MATLAB\R2009b\bin\win32\MSVCR71.dll
0x75410000 - 0x7545c000 	C:\Windows\system32\apphelp.dll
0x73ef0000 - 0x73f03000 	C:\Windows\system32\dwmapi.dll
0x05840000 - 0x0592b000 	C:\Windows\system32\dbghelp.dll
0x7a100000 - 0x7a108000 	C:\Program Files\MATLAB\R2009b\sys\java\jre\win32\jre\bin\hpi.dll
0x7a120000 - 0x7a12c000 	C:\Program Files\MATLAB\R2009b\sys\java\jre\win32\jre\bin\verify.dll
0x78be0000 - 0x78bff000 	C:\Program Files\MATLAB\R2009b\sys\java\jre\win32\jre\bin\java.dll
0x7a130000 - 0x7a13f000 	C:\Program Files\MATLAB\R2009b\sys\java\jre\win32\jre\bin\zip.dll
0x78b80000 - 0x78b98000 	C:\Program Files\MATLAB\R2009b\bin\win32\nativejava.dll
0x78ba0000 - 0x78bbf000 	C:\Program Files\MATLAB\R2009b\bin\win32\nativejmi.dll
0x7b720000 - 0x7b726000 	C:\Program Files\MATLAB\R2009b\bin\win32\nativeservices.dll
0x797d0000 - 0x7991a000 	C:\Program Files\MATLAB\R2009b\sys\java\jre\win32\jre\bin\awt.dll
0x7a1b0000 - 0x7a204000 	C:\Program Files\MATLAB\R2009b\sys\java\jre\win32\jre\bin\fontmanager.dll
0x78c00000 - 0x78c13000 	C:\Program Files\MATLAB\R2009b\sys\java\jre\win32\jre\bin\net.dll
0x74f50000 - 0x74f8c000 	C:\Windows\system32\mswsock.dll
0x74f40000 - 0x74f46000 	C:\Windows\System32\wship6.dll
0x7a110000 - 0x7a119000 	C:\Program Files\MATLAB\R2009b\sys\java\jre\win32\jre\bin\nio.dll
0x74f90000 - 0x74fa6000 	C:\Windows\system32\CRYPTSP.dll

VM Arguments:
jvm_args: -Xss512k -XX:PermSize=32m -Xms64m -XX:NewRatio=3 -XX:MaxPermSize=64m -Xmx128m -XX:MaxDirectMemorySize=1200000000 -Dsun.java2d.noddraw=true -Dsun.awt.nopixfmt=true -Xshare:off -Xrs -Djava.library.path=C:\Program Files\MATLAB\R2009b\bin\win32 vfprintf abort 
java_command: <unknown>
Launcher Type: generic

Environment Variables:
JAVA_HOME=C:\Program Files\Java\jdk1.6.0_20\
CLASSPATH=.;C:\Program Files\Java\jre6\lib\ext\QTJava.zip
PATH=C:\Program Files\MiKTeX 2.9\miktex\bin;C:\Perl\site\bin;C:\Perl\bin;C:\Program Files\ImageMagick-6.6.6-Q16;C:\Windows\system32;C:\Windows;C:\Windows\System32\Wbem;C:\Windows\System32\WindowsPowerShell\v1.0\;C:\Program Files\MATLAB\R2009b\runtime\win32;C:\Program Files\MATLAB\R2009b\bin;C:\Program Files\Mercurial\;C:\Program Files\TortoiseSVN\bin;C:\Program Files\ATI Technologies\ATI.ACE\Core-Static;C:\Program Files\Microsoft Windows Performance Toolkit\;C:\Program Files\Microsoft SQL Server\90\Tools\binn\;C:\Program Files\QuickTime\QTSystem\;C:\Program Files\SlikSvn\bin\;C:\strawberry\c\bin;C:\strawberry\perl\site\bin;C:\strawberry\perl\bin;C:\Program Files\Java\jdk1.6.0_20\bin;c:\qtsdk\desktop\qt\4.7.4\msvc2008\bin\;C:\Python25\;C:\Program Files\Mendeley Desktop\wordPlugin;C:\Python27\;C:\Python27\Scripts;C:\Program Files\CodeSourcery\Sourcery G++ Lite\bin;c:\Program Files\NVIDIA Corporation\PhysX\Common;C:\Windows\system32;C:\Windows;C:\Windows\System32\Wbem;C:\Windows\System32\WindowsPowerShell\v1.0\;C:\Program Files\MATLAB\R2009b\runtime\win32;C:\Program Files\MATLAB\R2009b\bin;C:\Program Files\Mercurial\;C:\Program Files\Microsoft Visual Studio 9.0\VC\bin;C:\Program Files\Satsuki Decoder Pack\Filtres;C:\Users\rvlander\AppData\Roaming\MiKTeX\2.9\miktex/bin\
USERNAME=rvlander
OS=Windows_NT
PROCESSOR_IDENTIFIER=x86 Family 6 Model 15 Stepping 11, GenuineIntel



---------------  S Y S T E M  ---------------

OS: Windows NT 6.1 Build 7601 Service Pack 1

CPU:total 2 (2 cores per cpu, 1 threads per core) family 6 model 15 stepping 11, cmov, cx8, fxsr, mmx, sse, sse2, sse3, ssse3

Memory: 4k page, physical 2061936k(882616k free), swap 4123872k(2319144k free)

vm_info: Java HotSpot(TM) Client VM (11.2-b01) for windows-x86 JRE (1.6.0_12-b04), built on Jan 17 2009 09:57:14 by "java_re" with MS VC++ 7.1

time: Wed Apr 25 18:05:30 2012
elapsed time: 505 seconds

